Started GET "/" for 127.0.0.1 at 2018-04-24 15:58:03 -0700
  [1m[35m (7.2ms)[0m  [1m[34mSELECT "schema_migrations"."version" FROM "schema_migrations" ORDER BY "schema_migrations"."version" ASC[0m
Processing by HomepageController#index as HTML
  Rendering homepage/index.html.erb within layouts/application
  Rendered homepage/index.html.erb within layouts/application (0.9ms)
Completed 200 OK in 4053ms (Views: 4044.2ms | ActiveRecord: 0.0ms)


Started GET "/users/new" for 127.0.0.1 at 2018-04-24 15:58:15 -0700
Processing by UsersController#new as HTML
  Rendering users/new.html.erb within layouts/application
  Rendered users/new.html.erb within layouts/application (7.5ms)
Completed 200 OK in 84ms (Views: 43.6ms | ActiveRecord: 8.9ms)


Started POST "/users" for 127.0.0.1 at 2018-04-24 15:58:51 -0700
Processing by UsersController#create as HTML
  Parameters: {"utf8"=>"✓", "authenticity_token"=>"L8B3BqoqmdxsUL7dpTJPj0M2haldeZrD3JrCLL0PCsIzXcDJnda4Vek9/pP5NpJvjnPsJKbhkrRdhaQfOKCcvA==", "user"=>{"name"=>"Mark", "email"=>"mark@gmail.com", "password"=>"[FILTERED]", "address"=>"255 Bush Street", "username"=>"md"}, "commit"=>"Sign Up"}
  [1m[35m (0.2ms)[0m  [1m[35mBEGIN[0m
  [1m[35mSQL (2.6ms)[0m  [1m[32mINSERT INTO "users" ("name", "address", "password_digest", "email", "username", "created_at", "updated_at") VALUES ($1, $2, $3, $4, $5, $6, $7) RETURNING "id"[0m  [["name", "Mark"], ["address", "255 Bush Street"], ["password_digest", "$2a$10$FZhdDZuN6xyB2Fua/VHQpO4SNvmwOnwY2D/R91TWrGu02LKLVLrje"], ["email", "mark@gmail.com"], ["username", "md"], ["created_at", "2018-04-24 22:58:51.826529"], ["updated_at", "2018-04-24 22:58:51.826529"]]
  [1m[35m (0.8ms)[0m  [1m[35mCOMMIT[0m
Redirected to http://localhost:3000/users/10
Completed 302 Found in 64ms (ActiveRecord: 3.6ms)


Started GET "/users/10" for 127.0.0.1 at 2018-04-24 15:58:51 -0700
Processing by UsersController#show as HTML
  Parameters: {"id"=>"10"}
  [1m[36mUser Load (0.3ms)[0m  [1m[34mSELECT  "users".* FROM "users" WHERE "users"."id" = $1 LIMIT $2[0m  [["id", 10], ["LIMIT", 1]]
  [1m[36mUser Load (0.3ms)[0m  [1m[34mSELECT  "users".* FROM "users" WHERE "users"."id" = $1 LIMIT $2[0m  [["id", 10], ["LIMIT", 1]]
  Rendering users/show.html.erb within layouts/application
  [1m[36mBlog Load (0.4ms)[0m  [1m[34mSELECT * FROM "blogs" WHERE (user_id = 10)[0m
  Rendered users/show.html.erb within layouts/application (4.6ms)
Completed 200 OK in 42ms (Views: 27.9ms | ActiveRecord: 2.3ms)


Started GET "/cities" for 127.0.0.1 at 2018-04-24 15:59:07 -0700
Processing by CitiesController#index as HTML
  Rendering cities/index.html.erb within layouts/application
  [1m[36mCity Load (0.6ms)[0m  [1m[34mSELECT "cities".* FROM "cities"[0m
  Rendered cities/index.html.erb within layouts/application (10.0ms)
Completed 200 OK in 49ms (Views: 37.5ms | ActiveRecord: 3.0ms)


Started GET "/cities/6" for 127.0.0.1 at 2018-04-24 15:59:09 -0700
Processing by CitiesController#show as HTML
  Parameters: {"id"=>"6"}
  [1m[36mCity Load (0.2ms)[0m  [1m[34mSELECT  "cities".* FROM "cities" WHERE "cities"."id" = $1 LIMIT $2[0m  [["id", 6], ["LIMIT", 1]]
  Rendering cities/show.html.erb within layouts/application
  [1m[36mBlog Load (0.3ms)[0m  [1m[34mSELECT "blogs".* FROM "blogs" WHERE "blogs"."city_id" = $1[0m  [["city_id", 6]]
  Rendered cities/show.html.erb within layouts/application (5.9ms)
Completed 200 OK in 58ms (Views: 29.5ms | ActiveRecord: 0.5ms)


Started GET "/cities/6/blogs/new" for 127.0.0.1 at 2018-04-24 15:59:11 -0700
Processing by BlogsController#new as HTML
  Parameters: {"city_id"=>"6"}
  [1m[36mCity Load (0.3ms)[0m  [1m[34mSELECT  "cities".* FROM "cities" WHERE "cities"."id" = $1 LIMIT $2[0m  [["id", 6], ["LIMIT", 1]]
  Rendering blogs/new.html.erb within layouts/application
  Rendered blogs/_form.html.erb (9.5ms)
  Rendered blogs/new.html.erb within layouts/application (11.5ms)
Completed 200 OK in 53ms (Views: 40.6ms | ActiveRecord: 2.5ms)


Started POST "/cities/6/blogs" for 127.0.0.1 at 2018-04-24 15:59:17 -0700
Processing by BlogsController#create as HTML
  Parameters: {"utf8"=>"✓", "authenticity_token"=>"Po5I1GEsNgsLEIDHc/HjrhX0gh5vRjRtWKpNwufMWm1cPzGzNUViOhZWd9Vyttvi5lfkfbNsodYMtrV/l7bjYg==", "blog"=>{"description"=>"I love SF"}, "commit"=>"Post", "city_id"=>"6"}
  [1m[36mUser Load (0.3ms)[0m  [1m[34mSELECT  "users".* FROM "users" WHERE "users"."id" = $1 LIMIT $2[0m  [["id", 10], ["LIMIT", 1]]
  [1m[36mCity Load (0.4ms)[0m  [1m[34mSELECT  "cities".* FROM "cities" WHERE "cities"."id" = $1 LIMIT $2[0m  [["id", 6], ["LIMIT", 1]]
  [1m[35m (0.1ms)[0m  [1m[35mBEGIN[0m
  [1m[36mCACHE User Load (0.0ms)[0m  [1m[34mSELECT  "users".* FROM "users" WHERE "users"."id" = $1 LIMIT $2[0m  [["id", 10], ["LIMIT", 1]]
  [1m[35mSQL (21.4ms)[0m  [1m[32mINSERT INTO "blogs" ("city_id", "user_id", "description", "created_at", "updated_at") VALUES ($1, $2, $3, $4, $5) RETURNING "id"[0m  [["city_id", 6], ["user_id", 10], ["description", "I love SF"], ["created_at", "2018-04-24 22:59:17.754811"], ["updated_at", "2018-04-24 22:59:17.754811"]]
  [1m[35m (0.6ms)[0m  [1m[35mCOMMIT[0m
Redirected to http://localhost:3000/users/10/blogs/8
Completed 302 Found in 36ms (ActiveRecord: 23.0ms)


Started GET "/users/10/blogs/8" for 127.0.0.1 at 2018-04-24 15:59:17 -0700
Processing by BlogsController#show as HTML
  Parameters: {"user_id"=>"10", "id"=>"8"}
  [1m[36mUser Load (0.4ms)[0m  [1m[34mSELECT  "users".* FROM "users" WHERE "users"."id" = $1 LIMIT $2[0m  [["id", 10], ["LIMIT", 1]]
  [1m[36mBlog Load (0.4ms)[0m  [1m[34mSELECT  "blogs".* FROM "blogs" WHERE "blogs"."id" = $1 LIMIT $2[0m  [["id", 8], ["LIMIT", 1]]
  Rendering blogs/show.html.erb within layouts/application
  Rendered blogs/show.html.erb within layouts/application (0.4ms)
Completed 200 OK in 43ms (Views: 35.7ms | ActiveRecord: 0.7ms)


Started GET "/cities/6" for 127.0.0.1 at 2018-04-24 15:59:22 -0700
Processing by CitiesController#show as HTML
  Parameters: {"id"=>"6"}
  [1m[36mCity Load (0.2ms)[0m  [1m[34mSELECT  "cities".* FROM "cities" WHERE "cities"."id" = $1 LIMIT $2[0m  [["id", 6], ["LIMIT", 1]]
  Rendering cities/show.html.erb within layouts/application
  [1m[36mBlog Load (0.3ms)[0m  [1m[34mSELECT "blogs".* FROM "blogs" WHERE "blogs"."city_id" = $1[0m  [["city_id", 6]]
  [1m[36mUser Load (0.6ms)[0m  [1m[34mSELECT  "users".* FROM "users" WHERE "users"."id" = $1 LIMIT $2[0m  [["id", 10], ["LIMIT", 1]]
  Rendered cities/show.html.erb within layouts/application (4.7ms)
Completed 200 OK in 36ms (Views: 30.3ms | ActiveRecord: 1.1ms)


Started GET "/cities" for 127.0.0.1 at 2018-04-24 15:59:23 -0700
Processing by CitiesController#index as HTML
  Rendering cities/index.html.erb within layouts/application
  [1m[36mCity Load (0.4ms)[0m  [1m[34mSELECT "cities".* FROM "cities"[0m
  Rendered cities/index.html.erb within layouts/application (2.9ms)
Completed 200 OK in 34ms (Views: 31.0ms | ActiveRecord: 0.4ms)


Started GET "/users/10" for 127.0.0.1 at 2018-04-24 15:59:23 -0700
Processing by UsersController#show as HTML
  Parameters: {"id"=>"10"}
  [1m[36mUser Load (0.2ms)[0m  [1m[34mSELECT  "users".* FROM "users" WHERE "users"."id" = $1 LIMIT $2[0m  [["id", 10], ["LIMIT", 1]]
  [1m[36mUser Load (0.2ms)[0m  [1m[34mSELECT  "users".* FROM "users" WHERE "users"."id" = $1 LIMIT $2[0m  [["id", 10], ["LIMIT", 1]]
  Rendering users/show.html.erb within layouts/application
  [1m[36mBlog Load (0.4ms)[0m  [1m[34mSELECT * FROM "blogs" WHERE (user_id = 10)[0m
  Rendered users/show.html.erb within layouts/application (3.8ms)
Completed 200 OK in 37ms (Views: 32.4ms | ActiveRecord: 0.8ms)


Started GET "/users/10/blogs/8/edit" for 127.0.0.1 at 2018-04-24 15:59:26 -0700
Processing by BlogsController#edit as HTML
  Parameters: {"user_id"=>"10", "id"=>"8"}
  [1m[36mUser Load (0.3ms)[0m  [1m[34mSELECT  "users".* FROM "users" WHERE "users"."id" = $1 LIMIT $2[0m  [["id", 10], ["LIMIT", 1]]
  [1m[36mBlog Load (0.3ms)[0m  [1m[34mSELECT  "blogs".* FROM "blogs" WHERE "blogs"."id" = $1 LIMIT $2[0m  [["id", 8], ["LIMIT", 1]]
  Rendering blogs/edit.html.erb within layouts/application
  Rendered blogs/edit.html.erb within layouts/application (1.4ms)
Completed 200 OK in 34ms (Views: 28.2ms | ActiveRecord: 0.6ms)


Started PATCH "/users/10/blogs/8" for 127.0.0.1 at 2018-04-24 15:59:35 -0700
Processing by BlogsController#update as HTML
  Parameters: {"utf8"=>"✓", "authenticity_token"=>"UE+dDzNpLia05hVq5Pz7fBr6imKRaV7IadzdH9NVn54wtFVWwkG36TSLskASjlQ7GbMSMMkqs8IhRaoFwU08Gg==", "blog"=>{"description"=>"I love SF.  So much to do"}, "commit"=>"Post", "user_id"=>"10", "id"=>"8"}
  [1m[36mUser Load (0.4ms)[0m  [1m[34mSELECT  "users".* FROM "users" WHERE "users"."id" = $1 LIMIT $2[0m  [["id", 10], ["LIMIT", 1]]
  [1m[36mBlog Load (0.4ms)[0m  [1m[34mSELECT  "blogs".* FROM "blogs" WHERE "blogs"."id" = $1 LIMIT $2[0m  [["id", 8], ["LIMIT", 1]]
  [1m[35m (0.2ms)[0m  [1m[35mBEGIN[0m
  [1m[36mCity Load (0.2ms)[0m  [1m[34mSELECT  "cities".* FROM "cities" WHERE "cities"."id" = $1 LIMIT $2[0m  [["id", 6], ["LIMIT", 1]]
  [1m[36mUser Load (0.2ms)[0m  [1m[34mSELECT  "users".* FROM "users" WHERE "users"."id" = $1 LIMIT $2[0m  [["id", 10], ["LIMIT", 1]]
  [1m[35mSQL (0.4ms)[0m  [1m[33mUPDATE "blogs" SET "description" = $1, "updated_at" = $2 WHERE "blogs"."id" = $3[0m  [["description", "I love SF.  So much to do"], ["updated_at", "2018-04-24 22:59:35.069955"], ["id", 8]]
  [1m[35m (6.4ms)[0m  [1m[35mCOMMIT[0m
Redirected to http://localhost:3000/users/10
Completed 302 Found in 16ms (ActiveRecord: 8.2ms)


Started GET "/users/10" for 127.0.0.1 at 2018-04-24 15:59:35 -0700
Processing by UsersController#show as HTML
  Parameters: {"id"=>"10"}
  [1m[36mUser Load (0.1ms)[0m  [1m[34mSELECT  "users".* FROM "users" WHERE "users"."id" = $1 LIMIT $2[0m  [["id", 10], ["LIMIT", 1]]
  [1m[36mUser Load (0.3ms)[0m  [1m[34mSELECT  "users".* FROM "users" WHERE "users"."id" = $1 LIMIT $2[0m  [["id", 10], ["LIMIT", 1]]
  Rendering users/show.html.erb within layouts/application
  [1m[36mBlog Load (0.4ms)[0m  [1m[34mSELECT * FROM "blogs" WHERE (user_id = 10)[0m
  Rendered users/show.html.erb within layouts/application (4.0ms)
Completed 200 OK in 35ms (Views: 30.0ms | ActiveRecord: 0.8ms)


Started GET "/users/new" for 127.0.0.1 at 2018-04-24 15:59:40 -0700
Processing by UsersController#new as HTML
  Rendering users/new.html.erb within layouts/application
  Rendered users/new.html.erb within layouts/application (1.6ms)
Completed 200 OK in 34ms (Views: 31.3ms | ActiveRecord: 0.0ms)


Started POST "/users" for 127.0.0.1 at 2018-04-24 16:00:10 -0700
Processing by UsersController#create as HTML
  Parameters: {"utf8"=>"✓", "authenticity_token"=>"Oz8wujop5jlnUOzJKIaaemvt7+G3m4+MrnqyCWjtj14nood1DdXHsOI9rId0gkeapqiGbEwDh/svZdQ67UIZIA==", "user"=>{"name"=>"Test User", "email"=>"tu@gmail.com", "password"=>"[FILTERED]", "address"=>"123 New York Ave.", "username"=>"tu"}, "commit"=>"Sign Up"}
  [1m[35m (0.1ms)[0m  [1m[35mBEGIN[0m
  [1m[35mSQL (0.3ms)[0m  [1m[32mINSERT INTO "users" ("name", "address", "password_digest", "email", "username", "created_at", "updated_at") VALUES ($1, $2, $3, $4, $5, $6, $7) RETURNING "id"[0m  [["name", "Test User"], ["address", "123 New York Ave."], ["password_digest", "$2a$10$NoAOM7g6cWGCcwaz3GU8WOOv4gnDgS6WtLqpL3HzDWzVUKKYzjVsm"], ["email", "tu@gmail.com"], ["username", "tu"], ["created_at", "2018-04-24 23:00:10.961332"], ["updated_at", "2018-04-24 23:00:10.961332"]]
  [1m[35m (2.0ms)[0m  [1m[35mCOMMIT[0m
Redirected to http://localhost:3000/users/11
Completed 302 Found in 60ms (ActiveRecord: 2.4ms)


Started GET "/users/11" for 127.0.0.1 at 2018-04-24 16:00:10 -0700
Processing by UsersController#show as HTML
  Parameters: {"id"=>"11"}
  [1m[36mUser Load (0.2ms)[0m  [1m[34mSELECT  "users".* FROM "users" WHERE "users"."id" = $1 LIMIT $2[0m  [["id", 11], ["LIMIT", 1]]
  [1m[36mUser Load (0.3ms)[0m  [1m[34mSELECT  "users".* FROM "users" WHERE "users"."id" = $1 LIMIT $2[0m  [["id", 11], ["LIMIT", 1]]
  Rendering users/show.html.erb within layouts/application
  [1m[36mBlog Load (0.3ms)[0m  [1m[34mSELECT * FROM "blogs" WHERE (user_id = 11)[0m
  Rendered users/show.html.erb within layouts/application (2.1ms)
Completed 200 OK in 29ms (Views: 24.3ms | ActiveRecord: 0.7ms)


Started GET "/cities" for 127.0.0.1 at 2018-04-24 16:00:14 -0700
Processing by CitiesController#index as HTML
  Rendering cities/index.html.erb within layouts/application
  [1m[36mCity Load (0.3ms)[0m  [1m[34mSELECT "cities".* FROM "cities"[0m
  Rendered cities/index.html.erb within layouts/application (3.9ms)
Completed 200 OK in 40ms (Views: 36.5ms | ActiveRecord: 0.3ms)


Started GET "/users/10" for 127.0.0.1 at 2018-04-24 16:09:21 -0700
Processing by UsersController#show as HTML
  Parameters: {"id"=>"10"}
  [1m[36mUser Load (0.2ms)[0m  [1m[34mSELECT  "users".* FROM "users" WHERE "users"."id" = $1 LIMIT $2[0m  [["id", 11], ["LIMIT", 1]]
  [1m[36mUser Load (0.2ms)[0m  [1m[34mSELECT  "users".* FROM "users" WHERE "users"."id" = $1 LIMIT $2[0m  [["id", 10], ["LIMIT", 1]]
  Rendering users/show.html.erb within layouts/application
  [1m[36mBlog Load (0.3ms)[0m  [1m[34mSELECT * FROM "blogs" WHERE (user_id = 10)[0m
  Rendered users/show.html.erb within layouts/application (4.0ms)
Completed 200 OK in 57ms (Views: 51.6ms | ActiveRecord: 0.7ms)


Started GET "/cities" for 127.0.0.1 at 2018-04-24 16:10:26 -0700
Processing by CitiesController#index as HTML
  Rendering cities/index.html.erb within layouts/application
  [1m[36mCity Load (0.2ms)[0m  [1m[34mSELECT "cities".* FROM "cities"[0m
  Rendered cities/index.html.erb within layouts/application (3.0ms)
Completed 200 OK in 35ms (Views: 27.0ms | ActiveRecord: 0.2ms)


Started GET "/" for 127.0.0.1 at 2018-06-05 12:53:12 -0700
  [1m[35m (23.5ms)[0m  [1m[34mSELECT "schema_migrations"."version" FROM "schema_migrations" ORDER BY "schema_migrations"."version" ASC[0m
Processing by HomepageController#index as HTML
  Rendering homepage/index.html.erb within layouts/application
  Rendered homepage/index.html.erb within layouts/application (2.1ms)
Completed 200 OK in 628ms (Views: 617.5ms | ActiveRecord: 0.0ms)


Started GET "/login" for 127.0.0.1 at 2018-06-05 12:53:19 -0700
Processing by SessionsController#new as HTML
  Rendering sessions/new.html.erb within layouts/application
  Rendered sessions/new.html.erb within layouts/application (8.1ms)
Completed 200 OK in 89ms (Views: 36.3ms | ActiveRecord: 32.8ms)


Started POST "/sessions" for 127.0.0.1 at 2018-06-05 12:53:21 -0700
Processing by SessionsController#create as HTML
  Parameters: {"utf8"=>"✓", "authenticity_token"=>"AqIlmQS5ylcw+SHVDe9C5RVFPIpoVi20EY6tbKzvxJnu5s2QKNC1IvEnmwbhdKMrg/oAeJIwJOMeXLDxKaieBQ==", "user"=>{"email"=>"tu", "password"=>"[FILTERED]"}, "commit"=>"Log In"}
  [1m[36mUser Load (16.6ms)[0m  [1m[34mSELECT  "users".* FROM "users" WHERE "users"."email" = $1 LIMIT $2[0m  [["email", "tu"], ["LIMIT", 1]]
Redirected to http://localhost:3000/login
Completed 302 Found in 50ms (ActiveRecord: 22.5ms)


Started GET "/login" for 127.0.0.1 at 2018-06-05 12:53:21 -0700
Processing by SessionsController#new as HTML
  Rendering sessions/new.html.erb within layouts/application
  Rendered sessions/new.html.erb within layouts/application (1.1ms)
Completed 200 OK in 48ms (Views: 44.8ms | ActiveRecord: 0.0ms)


Started GET "/users/new" for 127.0.0.1 at 2018-06-05 12:53:50 -0700
Processing by UsersController#new as HTML
  Rendering users/new.html.erb within layouts/application
  Rendered users/new.html.erb within layouts/application (7.3ms)
Completed 200 OK in 89ms (Views: 79.8ms | ActiveRecord: 0.0ms)


Started POST "/users" for 127.0.0.1 at 2018-06-05 12:54:52 -0700
Processing by UsersController#create as HTML
  Parameters: {"utf8"=>"✓", "authenticity_token"=>"7XhfyYRrJ+U/iI5MC+7G8MxoRMFG/xQ4C68WN4d/QInDvrHwEULNEllDX/54ymMKU3CXtyTvLj12HtMWcNgfUQ==", "user"=>{"name"=>"mark.tester", "email"=>"mark@tester.com", "password"=>"[FILTERED]", "address"=>"", "username"=>"tester"}, "commit"=>"Sign Up"}
  [1m[35m (2.4ms)[0m  [1m[35mBEGIN[0m
  [1m[35mSQL (6.8ms)[0m  [1m[32mINSERT INTO "users" ("name", "address", "password_digest", "email", "username", "created_at", "updated_at") VALUES ($1, $2, $3, $4, $5, $6, $7) RETURNING "id"[0m  [["name", "mark.tester"], ["address", ""], ["password_digest", "$2a$10$mPVQTU8c2Pipwx/FgvoFJ.A5fZ0NDayvDbJtsNcymeOtApAgt6n4G"], ["email", "mark@tester.com"], ["username", "tester"], ["created_at", "2018-06-05 19:54:52.468342"], ["updated_at", "2018-06-05 19:54:52.468342"]]
  [1m[35m (2.5ms)[0m  [1m[35mCOMMIT[0m
Redirected to http://localhost:3000/users/12
Completed 302 Found in 73ms (ActiveRecord: 11.8ms)


Started GET "/users/12" for 127.0.0.1 at 2018-06-05 12:54:52 -0700
Processing by UsersController#show as HTML
  Parameters: {"id"=>"12"}
  [1m[36mUser Load (0.3ms)[0m  [1m[34mSELECT  "users".* FROM "users" WHERE "users"."id" = $1 LIMIT $2[0m  [["id", 12], ["LIMIT", 1]]
  [1m[36mUser Load (0.3ms)[0m  [1m[34mSELECT  "users".* FROM "users" WHERE "users"."id" = $1 LIMIT $2[0m  [["id", 12], ["LIMIT", 1]]
  Rendering users/show.html.erb within layouts/application
  [1m[36mBlog Load (23.8ms)[0m  [1m[34mSELECT * FROM "blogs" WHERE (user_id = 12)[0m
  Rendered users/show.html.erb within layouts/application (29.0ms)
Completed 200 OK in 74ms (Views: 36.8ms | ActiveRecord: 26.1ms)


Started GET "/cities" for 127.0.0.1 at 2018-06-05 12:55:04 -0700
Processing by CitiesController#index as HTML
  Rendering cities/index.html.erb within layouts/application
  [1m[36mCity Load (7.2ms)[0m  [1m[34mSELECT "cities".* FROM "cities"[0m
  Rendered cities/index.html.erb within layouts/application (17.4ms)
Completed 200 OK in 52ms (Views: 34.0ms | ActiveRecord: 10.9ms)


Started GET "/login" for 127.0.0.1 at 2018-06-05 12:55:09 -0700
Processing by SessionsController#new as HTML
  Rendering sessions/new.html.erb within layouts/application
  Rendered sessions/new.html.erb within layouts/application (1.4ms)
Completed 200 OK in 33ms (Views: 29.9ms | ActiveRecord: 0.0ms)


Started GET "/cities" for 127.0.0.1 at 2018-06-05 12:55:12 -0700
Processing by CitiesController#index as HTML
  Rendering cities/index.html.erb within layouts/application
  [1m[36mCity Load (0.2ms)[0m  [1m[34mSELECT "cities".* FROM "cities"[0m
  Rendered cities/index.html.erb within layouts/application (1.9ms)
Completed 200 OK in 43ms (Views: 39.5ms | ActiveRecord: 0.2ms)


Started GET "/cities/6" for 127.0.0.1 at 2018-06-05 12:55:15 -0700
Processing by CitiesController#show as HTML
  Parameters: {"id"=>"6"}
  [1m[36mCity Load (5.9ms)[0m  [1m[34mSELECT  "cities".* FROM "cities" WHERE "cities"."id" = $1 LIMIT $2[0m  [["id", 6], ["LIMIT", 1]]
  Rendering cities/show.html.erb within layouts/application
  [1m[36mBlog Load (13.5ms)[0m  [1m[34mSELECT "blogs".* FROM "blogs" WHERE "blogs"."city_id" = $1[0m  [["city_id", 6]]
  [1m[36mUser Load (0.3ms)[0m  [1m[34mSELECT  "users".* FROM "users" WHERE "users"."id" = $1 LIMIT $2[0m  [["id", 10], ["LIMIT", 1]]
  Rendered cities/show.html.erb within layouts/application (31.1ms)
Completed 200 OK in 78ms (Views: 43.6ms | ActiveRecord: 21.3ms)


Started GET "/cities/6/blogs/new" for 127.0.0.1 at 2018-06-05 12:55:25 -0700
Processing by BlogsController#new as HTML
  Parameters: {"city_id"=>"6"}
  [1m[36mCity Load (0.8ms)[0m  [1m[34mSELECT  "cities".* FROM "cities" WHERE "cities"."id" = $1 LIMIT $2[0m  [["id", 6], ["LIMIT", 1]]
  Rendering blogs/new.html.erb within layouts/application
  Rendered blogs/_form.html.erb (3.9ms)
  Rendered blogs/new.html.erb within layouts/application (7.3ms)
Completed 200 OK in 39ms (Views: 34.2ms | ActiveRecord: 0.8ms)


Started POST "/cities/6/blogs" for 127.0.0.1 at 2018-06-05 12:55:54 -0700
Processing by BlogsController#create as HTML
  Parameters: {"utf8"=>"✓", "authenticity_token"=>"yfjqoCfvAxHbTPv46HivsCno7lkkkQTU0YUVLwcW6oyGLCtebZEr/xViDIk8W3yAUas7bG7no1AT7OMXB4uOGA==", "blog"=>{"description"=>"mark.tester was here"}, "commit"=>"Post", "city_id"=>"6"}
  [1m[36mUser Load (0.4ms)[0m  [1m[34mSELECT  "users".* FROM "users" WHERE "users"."id" = $1 LIMIT $2[0m  [["id", 12], ["LIMIT", 1]]
  [1m[36mCity Load (0.3ms)[0m  [1m[34mSELECT  "cities".* FROM "cities" WHERE "cities"."id" = $1 LIMIT $2[0m  [["id", 6], ["LIMIT", 1]]
  [1m[35m (0.2ms)[0m  [1m[35mBEGIN[0m
  [1m[36mCACHE User Load (0.0ms)[0m  [1m[34mSELECT  "users".* FROM "users" WHERE "users"."id" = $1 LIMIT $2[0m  [["id", 12], ["LIMIT", 1]]
  [1m[35mSQL (24.4ms)[0m  [1m[32mINSERT INTO "blogs" ("city_id", "user_id", "description", "created_at", "updated_at") VALUES ($1, $2, $3, $4, $5) RETURNING "id"[0m  [["city_id", 6], ["user_id", 12], ["description", "mark.tester was here"], ["created_at", "2018-06-05 19:55:54.454070"], ["updated_at", "2018-06-05 19:55:54.454070"]]
  [1m[35m (1.6ms)[0m  [1m[35mCOMMIT[0m
Redirected to http://localhost:3000/users/12/blogs/9
Completed 302 Found in 35ms (ActiveRecord: 26.8ms)


Started GET "/users/12/blogs/9" for 127.0.0.1 at 2018-06-05 12:55:54 -0700
Processing by BlogsController#show as HTML
  Parameters: {"user_id"=>"12", "id"=>"9"}
  [1m[36mUser Load (0.2ms)[0m  [1m[34mSELECT  "users".* FROM "users" WHERE "users"."id" = $1 LIMIT $2[0m  [["id", 12], ["LIMIT", 1]]
  [1m[36mBlog Load (0.2ms)[0m  [1m[34mSELECT  "blogs".* FROM "blogs" WHERE "blogs"."id" = $1 LIMIT $2[0m  [["id", 9], ["LIMIT", 1]]
  Rendering blogs/show.html.erb within layouts/application
  Rendered blogs/show.html.erb within layouts/application (0.4ms)
Completed 200 OK in 44ms (Views: 38.8ms | ActiveRecord: 0.4ms)


Started GET "/cities" for 127.0.0.1 at 2018-06-05 12:55:57 -0700
Processing by CitiesController#index as HTML
  Rendering cities/index.html.erb within layouts/application
  [1m[36mCity Load (0.3ms)[0m  [1m[34mSELECT "cities".* FROM "cities"[0m
  Rendered cities/index.html.erb within layouts/application (2.0ms)
Completed 200 OK in 46ms (Views: 37.6ms | ActiveRecord: 0.3ms)


Started GET "/cities/6" for 127.0.0.1 at 2018-06-05 12:55:58 -0700
Processing by CitiesController#show as HTML
  Parameters: {"id"=>"6"}
  [1m[36mCity Load (0.3ms)[0m  [1m[34mSELECT  "cities".* FROM "cities" WHERE "cities"."id" = $1 LIMIT $2[0m  [["id", 6], ["LIMIT", 1]]
  Rendering cities/show.html.erb within layouts/application
  [1m[36mBlog Load (0.3ms)[0m  [1m[34mSELECT "blogs".* FROM "blogs" WHERE "blogs"."city_id" = $1[0m  [["city_id", 6]]
  [1m[36mUser Load (0.2ms)[0m  [1m[34mSELECT  "users".* FROM "users" WHERE "users"."id" = $1 LIMIT $2[0m  [["id", 10], ["LIMIT", 1]]
  [1m[36mUser Load (0.1ms)[0m  [1m[34mSELECT  "users".* FROM "users" WHERE "users"."id" = $1 LIMIT $2[0m  [["id", 12], ["LIMIT", 1]]
  Rendered cities/show.html.erb within layouts/application (3.5ms)
Completed 200 OK in 39ms (Views: 29.2ms | ActiveRecord: 0.9ms)


